Started GET "/" for 127.0.0.1 at 2024-07-11 19:42:24 +0200
  [1m[35m (1.5ms)[0m  [1m[35mCREATE TABLE "schema_migrations" ("version" varchar NOT NULL PRIMARY KEY)[0m
  [1m[35m (0.1ms)[0m  [1m[35mCREATE TABLE "ar_internal_metadata" ("key" varchar NOT NULL PRIMARY KEY, "value" varchar, "created_at" datetime(6) NOT NULL, "updated_at" datetime(6) NOT NULL)[0m
  [1m[36mActiveRecord::SchemaMigration Load (0.1ms)[0m  [1m[34mSELECT "schema_migrations"."version" FROM "schema_migrations" ORDER BY "schema_migrations"."version" ASC[0m
Processing by Rails::WelcomeController#index as HTML
  Rendering /var/lib/gems/3.0.0/gems/railties-7.1.3.4/lib/rails/templates/rails/welcome/index.html.erb
  Rendered /var/lib/gems/3.0.0/gems/railties-7.1.3.4/lib/rails/templates/rails/welcome/index.html.erb (Duration: 0.5ms | Allocations: 577)
Completed 200 OK in 10ms (Views: 3.6ms | ActiveRecord: 0.0ms | Allocations: 10137)


Started GET "/" for 127.0.0.1 at 2024-07-11 19:43:57 +0200
Processing by Rails::WelcomeController#index as HTML
  Rendering /var/lib/gems/3.0.0/gems/railties-7.1.3.4/lib/rails/templates/rails/welcome/index.html.erb
  Rendered /var/lib/gems/3.0.0/gems/railties-7.1.3.4/lib/rails/templates/rails/welcome/index.html.erb (Duration: 0.0ms | Allocations: 24)
Completed 200 OK in 0ms (Views: 0.2ms | ActiveRecord: 0.0ms | Allocations: 352)


Started GET "/" for 127.0.0.1 at 2024-07-11 20:01:58 +0200
Processing by Rails::WelcomeController#index as HTML
  Rendering /var/lib/gems/3.0.0/gems/railties-7.1.3.4/lib/rails/templates/rails/welcome/index.html.erb
  Rendered /var/lib/gems/3.0.0/gems/railties-7.1.3.4/lib/rails/templates/rails/welcome/index.html.erb (Duration: 0.0ms | Allocations: 15)
Completed 200 OK in 1ms (Views: 0.6ms | ActiveRecord: 0.0ms | Allocations: 276)


Started GET "/home/index" for 127.0.0.1 at 2024-07-11 20:30:50 +0200
Processing by HomeController#index as HTML
  Rendering layout layouts/application.html.erb
  Rendering home/index.html.erb within layouts/application
  Rendered home/index.html.erb within layouts/application (Duration: 0.2ms | Allocations: 130)
  Rendered layout layouts/application.html.erb (Duration: 181.6ms | Allocations: 101117)
Completed 200 OK in 183ms (Views: 182.7ms | ActiveRecord: 0.0ms | Allocations: 102514)


Started GET "/home/index" for 127.0.0.1 at 2024-07-11 20:34:20 +0200
Processing by HomeController#index as HTML
  Rendering layout layouts/application.html.erb
  Rendering home/index.html.erb within layouts/application
  Rendered home/index.html.erb within layouts/application (Duration: 0.2ms | Allocations: 129)
  Rendered layout layouts/application.html.erb (Duration: 8.9ms | Allocations: 19275)
Completed 200 OK in 10ms (Views: 9.8ms | ActiveRecord: 0.0ms | Allocations: 20593)


Started GET "/" for 127.0.0.1 at 2024-07-11 20:37:20 +0200
Processing by HomeController#index as HTML
  Rendering layout layouts/application.html.erb
  Rendering home/index.html.erb within layouts/application
  Rendered home/index.html.erb within layouts/application (Duration: 0.3ms | Allocations: 126)
  Rendered layout layouts/application.html.erb (Duration: 5.7ms | Allocations: 16242)
Completed 200 OK in 7ms (Views: 6.6ms | ActiveRecord: 0.0ms | Allocations: 17545)


Started GET "/" for 127.0.0.1 at 2024-07-11 21:10:38 +0200
Processing by HomeController#index as HTML
  Rendering layout layouts/application.html.erb
  Rendering home/index.html.erb within layouts/application
  Rendered home/index.html.erb within layouts/application (Duration: 0.2ms | Allocations: 124)
  Rendered home/_header.erb (Duration: 0.2ms | Allocations: 101)
  Rendered layout layouts/application.html.erb (Duration: 7.1ms | Allocations: 16501)
Completed 200 OK in 8ms (Views: 7.9ms | ActiveRecord: 0.0ms | Allocations: 17796)


Started GET "/" for 127.0.0.1 at 2024-07-11 21:12:41 +0200
Processing by HomeController#index as HTML
  Rendering layout layouts/application.html.erb
  Rendering home/index.html.erb within layouts/application
  Rendered home/index.html.erb within layouts/application (Duration: 0.2ms | Allocations: 124)
  Rendered home/_header.erb (Duration: 2.3ms | Allocations: 97)
  Rendered home/_footer.erb (Duration: 0.2ms | Allocations: 92)
  Rendered layout layouts/application.html.erb (Duration: 11.7ms | Allocations: 16626)
Completed 200 OK in 13ms (Views: 12.4ms | ActiveRecord: 0.0ms | Allocations: 17926)


Started GET "/" for 127.0.0.1 at 2024-07-11 21:13:58 +0200
Processing by HomeController#index as HTML
  Rendering layout layouts/application.html.erb
  Rendering home/index.html.erb within layouts/application
  Rendered home/index.html.erb within layouts/application (Duration: 0.2ms | Allocations: 128)
  Rendered home/_header.erb (Duration: 0.3ms | Allocations: 97)
  Rendered home/_footer.erb (Duration: 0.2ms | Allocations: 91)
  Rendered layout layouts/application.html.erb (Duration: 6.8ms | Allocations: 16714)
Completed 200 OK in 8ms (Views: 7.6ms | ActiveRecord: 0.0ms | Allocations: 18016)


